<?xml version="1.0" encoding="UTF-8"?>
<!-- Generated by org.testng.reporters.JUnitReportReporter -->
<testsuite skipped="0" hostname="FayaazuddinsMBP.lan" name="com.fayaaz.ali.Integration.UserManagerITTest" tests="3" failures="0" timestamp="2019-10-27T13:03:19 CET" time="0.015" errors="0">
  <testcase name="shouldReturnTrue" time="0.000" classname="com.fayaaz.ali.Integration.UserManagerITTest"/>
  <testcase name="shouldReturnAnInstanceofUserManager" time="0.002" classname="com.fayaaz.ali.Integration.UserManagerITTest"/>
  <testcase name="shouldReturnListOfAllUsersWhenGetAllUsersCalled" time="0.013" classname="com.fayaaz.ali.Integration.UserManagerITTest"/>
</testsuite> <!-- com.fayaaz.ali.Integration.UserManagerITTest -->
