<?xml version="1.0" encoding="UTF-8"?>
<testsuite xmlns:xsi="http://www.w3.org/2001/XMLSchema-instance" xsi:noNamespaceSchemaLocation="https://maven.apache.org/surefire/maven-surefire-plugin/xsd/surefire-test-report.xsd" name="TestSuite" time="1.175" tests="15" errors="0" skipped="0" failures="0">
  <properties>
    <property name="gopherProxySet" value="false"/>
    <property name="awt.toolkit" value="sun.lwawt.macosx.LWCToolkit"/>
    <property name="file.encoding.pkg" value="sun.io"/>
    <property name="java.specification.version" value="1.8"/>
    <property name="sun.cpu.isalist" value=""/>
    <property name="sun.jnu.encoding" value="UTF-8"/>
    <property name="java.class.path" value="/Users/fayaazuddinalimohammad/MockMavenTest/target/test-classes:/Users/fayaazuddinalimohammad/MockMavenTest/target/classes:/Users/fayaazuddinalimohammad/.m2/repository/junit/junit/4.11/junit-4.11.jar:/Users/fayaazuddinalimohammad/.m2/repository/org/hamcrest/hamcrest-core/1.3/hamcrest-core-1.3.jar:/Users/fayaazuddinalimohammad/.m2/repository/org/mockito/mockito-core/3.0.0/mockito-core-3.0.0.jar:/Users/fayaazuddinalimohammad/.m2/repository/net/bytebuddy/byte-buddy/1.9.10/byte-buddy-1.9.10.jar:/Users/fayaazuddinalimohammad/.m2/repository/net/bytebuddy/byte-buddy-agent/1.9.10/byte-buddy-agent-1.9.10.jar:/Users/fayaazuddinalimohammad/.m2/repository/org/objenesis/objenesis/2.6/objenesis-2.6.jar:/Users/fayaazuddinalimohammad/.m2/repository/org/testng/testng/7.0.0/testng-7.0.0.jar:/Users/fayaazuddinalimohammad/.m2/repository/com/beust/jcommander/1.72/jcommander-1.72.jar:/Users/fayaazuddinalimohammad/.m2/repository/mysql/mysql-connector-java/8.0.15/mysql-connector-java-8.0.15.jar:/Users/fayaazuddinalimohammad/.m2/repository/com/google/protobuf/protobuf-java/3.6.1/protobuf-java-3.6.1.jar:/Users/fayaazuddinalimohammad/.m2/repository/com/h2database/h2/1.4.200/h2-1.4.200.jar:"/>
    <property name="java.vm.vendor" value="Oracle Corporation"/>
    <property name="sun.arch.data.model" value="64"/>
    <property name="java.vendor.url" value="http://java.oracle.com/"/>
    <property name="user.timezone" value=""/>
    <property name="java.vm.specification.version" value="1.8"/>
    <property name="os.name" value="Mac OS X"/>
    <property name="user.country" value="SE"/>
    <property name="sun.java.launcher" value="SUN_STANDARD"/>
    <property name="sun.boot.library.path" value="/Library/Java/JavaVirtualMachines/jdk1.8.0_221.jdk/Contents/Home/jre/lib"/>
    <property name="sun.java.command" value="/Users/fayaazuddinalimohammad/MockMavenTest/target/surefire/surefirebooter2303176109014013532.jar /Users/fayaazuddinalimohammad/MockMavenTest/target/surefire 2019-10-27T13-03-18_150-jvmRun1 surefire3785858509312186910tmp surefire_07100318142579739216tmp"/>
    <property name="http.nonProxyHosts" value="local|*.local|169.254/16|*.169.254/16"/>
    <property name="surefire.test.class.path" value="/Users/fayaazuddinalimohammad/MockMavenTest/target/test-classes:/Users/fayaazuddinalimohammad/MockMavenTest/target/classes:/Users/fayaazuddinalimohammad/.m2/repository/junit/junit/4.11/junit-4.11.jar:/Users/fayaazuddinalimohammad/.m2/repository/org/hamcrest/hamcrest-core/1.3/hamcrest-core-1.3.jar:/Users/fayaazuddinalimohammad/.m2/repository/org/mockito/mockito-core/3.0.0/mockito-core-3.0.0.jar:/Users/fayaazuddinalimohammad/.m2/repository/net/bytebuddy/byte-buddy/1.9.10/byte-buddy-1.9.10.jar:/Users/fayaazuddinalimohammad/.m2/repository/net/bytebuddy/byte-buddy-agent/1.9.10/byte-buddy-agent-1.9.10.jar:/Users/fayaazuddinalimohammad/.m2/repository/org/objenesis/objenesis/2.6/objenesis-2.6.jar:/Users/fayaazuddinalimohammad/.m2/repository/org/testng/testng/7.0.0/testng-7.0.0.jar:/Users/fayaazuddinalimohammad/.m2/repository/com/beust/jcommander/1.72/jcommander-1.72.jar:/Users/fayaazuddinalimohammad/.m2/repository/mysql/mysql-connector-java/8.0.15/mysql-connector-java-8.0.15.jar:/Users/fayaazuddinalimohammad/.m2/repository/com/google/protobuf/protobuf-java/3.6.1/protobuf-java-3.6.1.jar:/Users/fayaazuddinalimohammad/.m2/repository/com/h2database/h2/1.4.200/h2-1.4.200.jar:"/>
    <property name="sun.cpu.endian" value="little"/>
    <property name="user.home" value="/Users/fayaazuddinalimohammad"/>
    <property name="user.language" value="en"/>
    <property name="java.specification.vendor" value="Oracle Corporation"/>
    <property name="java.home" value="/Library/Java/JavaVirtualMachines/jdk1.8.0_221.jdk/Contents/Home/jre"/>
    <property name="basedir" value="/Users/fayaazuddinalimohammad/MockMavenTest"/>
    <property name="file.separator" value="/"/>
    <property name="line.separator" value="&#10;"/>
    <property name="java.vm.specification.vendor" value="Oracle Corporation"/>
    <property name="java.specification.name" value="Java Platform API Specification"/>
    <property name="java.awt.graphicsenv" value="sun.awt.CGraphicsEnvironment"/>
    <property name="surefire.real.class.path" value="/Users/fayaazuddinalimohammad/MockMavenTest/target/surefire/surefirebooter2303176109014013532.jar"/>
    <property name="sun.boot.class.path" value="/Library/Java/JavaVirtualMachines/jdk1.8.0_221.jdk/Contents/Home/jre/lib/resources.jar:/Library/Java/JavaVirtualMachines/jdk1.8.0_221.jdk/Contents/Home/jre/lib/rt.jar:/Library/Java/JavaVirtualMachines/jdk1.8.0_221.jdk/Contents/Home/jre/lib/sunrsasign.jar:/Library/Java/JavaVirtualMachines/jdk1.8.0_221.jdk/Contents/Home/jre/lib/jsse.jar:/Library/Java/JavaVirtualMachines/jdk1.8.0_221.jdk/Contents/Home/jre/lib/jce.jar:/Library/Java/JavaVirtualMachines/jdk1.8.0_221.jdk/Contents/Home/jre/lib/charsets.jar:/Library/Java/JavaVirtualMachines/jdk1.8.0_221.jdk/Contents/Home/jre/lib/jfr.jar:/Library/Java/JavaVirtualMachines/jdk1.8.0_221.jdk/Contents/Home/jre/classes"/>
    <property name="sun.management.compiler" value="HotSpot 64-Bit Tiered Compilers"/>
    <property name="ftp.nonProxyHosts" value="local|*.local|169.254/16|*.169.254/16"/>
    <property name="java.runtime.version" value="1.8.0_221-b11"/>
    <property name="user.name" value="fayaazuddinalimohammad"/>
    <property name="path.separator" value=":"/>
    <property name="os.version" value="10.15"/>
    <property name="java.endorsed.dirs" value="/Library/Java/JavaVirtualMachines/jdk1.8.0_221.jdk/Contents/Home/jre/lib/endorsed"/>
    <property name="java.runtime.name" value="Java(TM) SE Runtime Environment"/>
    <property name="file.encoding" value="US-ASCII"/>
    <property name="java.vm.name" value="Java HotSpot(TM) 64-Bit Server VM"/>
    <property name="localRepository" value="/Users/fayaazuddinalimohammad/.m2/repository"/>
    <property name="java.vendor.url.bug" value="http://bugreport.sun.com/bugreport/"/>
    <property name="java.io.tmpdir" value="/var/folders/t8/05tkc2790yggv6b19fgh06wr0000gn/T/"/>
    <property name="java.version" value="1.8.0_221"/>
    <property name="user.dir" value="/Users/fayaazuddinalimohammad/MockMavenTest"/>
    <property name="os.arch" value="x86_64"/>
    <property name="java.vm.specification.name" value="Java Virtual Machine Specification"/>
    <property name="java.awt.printerjob" value="sun.lwawt.macosx.CPrinterJob"/>
    <property name="sun.os.patch.level" value="unknown"/>
    <property name="java.library.path" value="/Users/fayaazuddinalimohammad/Library/Java/Extensions:/Library/Java/Extensions:/Network/Library/Java/Extensions:/System/Library/Java/Extensions:/usr/lib/java:."/>
    <property name="java.vm.info" value="mixed mode"/>
    <property name="java.vendor" value="Oracle Corporation"/>
    <property name="java.vm.version" value="25.221-b11"/>
    <property name="java.ext.dirs" value="/Users/fayaazuddinalimohammad/Library/Java/Extensions:/Library/Java/JavaVirtualMachines/jdk1.8.0_221.jdk/Contents/Home/jre/lib/ext:/Library/Java/Extensions:/Network/Library/Java/Extensions:/System/Library/Java/Extensions:/usr/lib/java"/>
    <property name="sun.io.unicode.encoding" value="UnicodeBig"/>
    <property name="java.class.version" value="52.0"/>
    <property name="socksNonProxyHosts" value="local|*.local|169.254/16|*.169.254/16"/>
  </properties>
  <testcase name="shouldReturnAnInstanceofUserManager" classname="com.fayaaz.ali.Integration.UserManagerITTest" time="0.003"/>
  <testcase name="shouldReturnListOfAllUsersWhenGetAllUsersCalled" classname="com.fayaaz.ali.Integration.UserManagerITTest" time="0.012"/>
  <testcase name="shouldReturnTrue" classname="com.fayaaz.ali.Integration.UserManagerITTest" time="0"/>
  <testcase name="shouldAnswerWithTrue on shouldAnswerWithTrue(com.fayaaz.ali.AppTest)" classname="com.fayaaz.ali.AppTest" time="0"/>
  <testcase name="shouldReturnInstanceOfUserManager on shouldReturnInstanceOfUserManager(com.fayaaz.ali.managers.UserManagerTest)" classname="com.fayaaz.ali.managers.UserManagerTest" time="0"/>
  <testcase name="showReturnListOfUser on showReturnListOfUser(com.fayaaz.ali.managers.UserManagerTest)" classname="com.fayaaz.ali.managers.UserManagerTest" time="0.372"/>
  <testcase name="shouldTestSpy on shouldTestSpy(com.fayaaz.ali.repositories.UserRepositoriesTest)" classname="com.fayaaz.ali.repositories.UserRepositoriesTest" time="0.183"/>
  <testcase name="shouldTestSpySecondCall on shouldTestSpySecondCall(com.fayaaz.ali.repositories.UserRepositoriesTest)" classname="com.fayaaz.ali.repositories.UserRepositoriesTest" time="0.001"/>
  <testcase name="shouldReturnAllUserThenThrowSQLException on shouldReturnAllUserThenThrowSQLException(com.fayaaz.ali.repositories.UserRepositoriesTest)" classname="com.fayaaz.ali.repositories.UserRepositoriesTest" time="0.002"/>
  <testcase name="shouldReturnAllUser on shouldReturnAllUser(com.fayaaz.ali.repositories.UserRepositoriesTest)" classname="com.fayaaz.ali.repositories.UserRepositoriesTest" time="0.001"/>
  <testcase name="shouldReturnUserRepoImpl on shouldReturnUserRepoImpl(com.fayaaz.ali.repositories.UserRepositoriesTest)" classname="com.fayaaz.ali.repositories.UserRepositoriesTest" time="0"/>
  <testcase name="shouldReturnTwoWhenOnePlusOneCalledOnAdd on shouldReturnTwoWhenOnePlusOneCalledOnAdd(com.fayaaz.ali.CalculatorTest)" classname="com.fayaaz.ali.CalculatorTest" time="0.008"/>
  <testcase name="shouldReturnInstanceOfACalculator on shouldReturnInstanceOfACalculator(com.fayaaz.ali.CalculatorTest)" classname="com.fayaaz.ali.CalculatorTest" time="0"/>
  <testcase name="ShouldReturnUserServiceImplementation on ShouldReturnUserServiceImplementation(com.fayaaz.ali.services.UserServiceTest)" classname="com.fayaaz.ali.services.UserServiceTest" time="0.007"/>
  <testcase name="shouldReturnListOfAllUsers on shouldReturnListOfAllUsers(com.fayaaz.ali.services.UserServiceTest)" classname="com.fayaaz.ali.services.UserServiceTest" time="0.004"/>
</testsuite>