<?xml version="1.0" encoding="UTF-8"?>
<!-- Generated by org.testng.reporters.JUnitReportReporter -->
<testsuite skipped="0" hostname="FayaazuddinsMBP.lan" name="com.fayaaz.ali.AppTest" tests="1" failures="0" timestamp="2019-10-27T13:03:19 CET" time="0.003" errors="0">
  <testcase name="shouldAnswerWithTrue" time="0.003" classname="com.fayaaz.ali.AppTest"/>
</testsuite> <!-- com.fayaaz.ali.AppTest -->
