<?xml version="1.0" encoding="UTF-8"?>
<!-- Generated by org.testng.reporters.JUnitReportReporter -->
<testsuite skipped="0" hostname="FayaazuddinsMBP.lan" name="com.fayaaz.ali.services.UserServiceTest" tests="2" failures="0" timestamp="2019-10-27T13:03:19 CET" time="0.018" errors="0">
  <testcase name="shouldReturnListOfAllUsers" time="0.011" classname="com.fayaaz.ali.services.UserServiceTest"/>
  <testcase name="ShouldReturnUserServiceImplementation" time="0.007" classname="com.fayaaz.ali.services.UserServiceTest"/>
</testsuite> <!-- com.fayaaz.ali.services.UserServiceTest -->
