<?xml version="1.0" encoding="UTF-8"?>
<!-- Generated by org.testng.reporters.JUnitReportReporter -->
<testsuite skipped="0" hostname="FayaazuddinsMBP.lan" name="com.fayaaz.ali.CalculatorTest" tests="2" failures="0" timestamp="2019-10-27T13:03:19 CET" time="0.021" errors="0">
  <testcase name="shouldReturnInstanceOfACalculator" time="0.011" classname="com.fayaaz.ali.CalculatorTest"/>
  <testcase name="shouldReturnTwoWhenOnePlusOneCalledOnAdd" time="0.010" classname="com.fayaaz.ali.CalculatorTest"/>
</testsuite> <!-- com.fayaaz.ali.CalculatorTest -->
