<?xml version="1.0" encoding="UTF-8"?>
<!-- Generated by org.testng.reporters.JUnitReportReporter -->
<testsuite skipped="0" hostname="FayaazuddinsMBP.lan" name="com.fayaaz.ali.repositories.UserRepositoriesTest" tests="5" failures="0" timestamp="2019-10-27T13:03:19 CET" time="0.941" errors="0">
  <testcase name="shouldReturnAllUserThenThrowSQLException" time="0.189" classname="com.fayaaz.ali.repositories.UserRepositoriesTest"/>
  <testcase name="shouldTestSpy" time="0.186" classname="com.fayaaz.ali.repositories.UserRepositoriesTest"/>
  <testcase name="shouldTestSpySecondCall" time="0.187" classname="com.fayaaz.ali.repositories.UserRepositoriesTest"/>
  <testcase name="shouldReturnAllUser" time="0.190" classname="com.fayaaz.ali.repositories.UserRepositoriesTest"/>
  <testcase name="shouldReturnUserRepoImpl" time="0.189" classname="com.fayaaz.ali.repositories.UserRepositoriesTest"/>
</testsuite> <!-- com.fayaaz.ali.repositories.UserRepositoriesTest -->
