<?xml version="1.0" encoding="UTF-8"?>
<!-- Generated by org.testng.reporters.JUnitReportReporter -->
<testsuite skipped="0" hostname="FayaazuddinsMBP.lan" name="com.fayaaz.ali.managers.UserManagerTest" tests="2" failures="0" timestamp="2019-10-27T13:03:19 CET" time="0.372" errors="0">
  <testcase name="showReturnListOfUser" time="0.372" classname="com.fayaaz.ali.managers.UserManagerTest"/>
  <testcase name="shouldReturnInstanceOfUserManager" time="0.000" classname="com.fayaaz.ali.managers.UserManagerTest"/>
</testsuite> <!-- com.fayaaz.ali.managers.UserManagerTest -->
